Сборка начата 19.04.2016 0:35:55.
     1>Проект "C:\Users\Absolute\Documents\Visual Studio 2015\Projects\DM\DM\DM.vcxproj" в узле 2 (целевые объекты Build).
     1>ClCompile:
         D:\Program Files (x86)\Microsoft Visual Studio 14.0\VC\bin\CL.exe /c /ZI /nologo /W3 /WX- /sdl /Od /Oy- /D WIN32 /D _DEBUG /D _CONSOLE /D _UNICODE /D UNICODE /Gm /EHsc /RTC1 /MDd /GS /fp:precise /Zc:wchar_t /Zc:forScope /Zc:inline /Yu"stdafx.h" /Fp"Debug\DM.pch" /Fo"Debug\\" /Fd"Debug\vc140.pdb" /Gd /TP /analyze- /errorReport:prompt BigInt.cpp DM.cpp Natural.cpp Polynom.cpp Rational.cpp
         Rational.cpp
     1>c:\users\absolute\documents\visual studio 2015\projects\dm\dm\rational.cpp(22): warning C4244: return: преобразование "unsigned __int64" в "unsigned int", возможна потеря данных
         Natural.cpp
     1>c:\users\absolute\documents\visual studio 2015\projects\dm\dm\natural.cpp(18): warning C4244: аргумент: преобразование "unsigned __int64" в "unsigned int", возможна потеря данных
     1>c:\users\absolute\documents\visual studio 2015\projects\dm\dm\natural.cpp(28): warning C4244: аргумент: преобразование "unsigned __int64" в "unsigned int", возможна потеря данных
     1>c:\users\absolute\documents\visual studio 2015\projects\dm\dm\natural.cpp(29): warning C4244: =: преобразование "unsigned __int64" в "unsigned int", возможна потеря данных
     1>c:\users\absolute\documents\visual studio 2015\projects\dm\dm\natural.cpp(52): warning C4018: <: несоответствие типов со знаком и без знака
     1>c:\users\absolute\documents\visual studio 2015\projects\dm\dm\natural.cpp(117): warning C4018: <: несоответствие типов со знаком и без знака
         DM.cpp
     1>c:\users\absolute\documents\visual studio 2015\projects\dm\dm\dm.cpp(12): warning C4244: инициализация: преобразование "unsigned __int64" в "int", возможна потеря данных
         BigInt.cpp
     1>c:\users\absolute\documents\visual studio 2015\projects\dm\dm\bigint.cpp(37): warning C4244: return: преобразование "unsigned __int64" в "int", возможна потеря данных
         Создание кода...
         Компиляция...
         Polynom.cpp
     1>c:\users\absolute\documents\visual studio 2015\projects\dm\dm\polynom.cpp(28): warning C4018: <: несоответствие типов со знаком и без знака
     1>c:\users\absolute\documents\visual studio 2015\projects\dm\dm\polynom.cpp(79): warning C4018: >=: несоответствие типов со знаком и без знака
     1>c:\users\absolute\documents\visual studio 2015\projects\dm\dm\polynom.cpp(82): warning C4018: <=: несоответствие типов со знаком и без знака
     1>c:\users\absolute\documents\visual studio 2015\projects\dm\dm\polynom.cpp(91): warning C4018: <: несоответствие типов со знаком и без знака
     1>c:\users\absolute\documents\visual studio 2015\projects\dm\dm\polynom.cpp(97): warning C4018: <: несоответствие типов со знаком и без знака
     1>c:\users\absolute\documents\visual studio 2015\projects\dm\dm\polynom.cpp(107): warning C4018: >=: несоответствие типов со знаком и без знака
     1>c:\users\absolute\documents\visual studio 2015\projects\dm\dm\polynom.cpp(144): warning C4018: <=: несоответствие типов со знаком и без знака
     1>c:\users\absolute\documents\visual studio 2015\projects\dm\dm\polynom.cpp(175): warning C4018: <: несоответствие типов со знаком и без знака
         Создание кода...
       Link:
         D:\Program Files (x86)\Microsoft Visual Studio 14.0\VC\bin\link.exe /ERRORREPORT:PROMPT /OUT:"C:\Users\Absolute\Documents\Visual Studio 2015\Projects\DM\Debug\DM.exe" /INCREMENTAL /NOLOGO kernel32.lib user32.lib gdi32.lib winspool.lib comdlg32.lib advapi32.lib shell32.lib ole32.lib oleaut32.lib uuid.lib odbc32.lib odbccp32.lib /MANIFEST /MANIFESTUAC:"level='asInvoker' uiAccess='false'" /manifest:embed /Debug /PDB:"C:\Users\Absolute\Documents\Visual Studio 2015\Projects\DM\Debug\DM.pdb" /SUBSYSTEM:CONSOLE /TLBID:1 /DYNAMICBASE /NXCOMPAT /IMPLIB:"C:\Users\Absolute\Documents\Visual Studio 2015\Projects\DM\Debug\DM.lib" /MACHINE:X86 Debug\BigInt.obj
         Debug\DM.obj
         Debug\Natural.obj
         Debug\Polynom.obj
         Debug\Rational.obj
         Debug\stdafx.obj
         DM.vcxproj -> C:\Users\Absolute\Documents\Visual Studio 2015\Projects\DM\Debug\DM.exe
     1>Сборка проекта "C:\Users\Absolute\Documents\Visual Studio 2015\Projects\DM\DM\DM.vcxproj" завершена (целевые объекты Build).

Сборка успешно завершена.

Затраченное время: 00:00:03.96
